[0.971s] DEBUG:colcon:Command line arguments: ['/home/iggy/.pyenv/versions/ros-foxy/bin/colcon', 'list', '-p', '--base-paths', '/home/iggy/ros/foxy/src/orb_slam_2_ros']
[0.971s] DEBUG:colcon:Parsed command line arguments: Namespace(base_paths=['/home/iggy/ros/foxy/src/orb_slam_2_ros'], build_base='build', ignore_user_meta=False, log_base=None, log_level=None, main=<bound method ListVerb.main of <colcon_package_information.verb.list.ListVerb object at 0x7f049a01caf0>>, metas=['./colcon.meta'], names_only=False, packages_above=None, packages_above_and_dependencies=None, packages_above_depth=None, packages_end=None, packages_ignore=None, packages_ignore_regex=None, packages_select=None, packages_select_build_failed=False, packages_select_by_dep=None, packages_select_regex=None, packages_select_test_failures=False, packages_skip=None, packages_skip_build_finished=False, packages_skip_by_dep=None, packages_skip_regex=None, packages_skip_test_passed=False, packages_skip_up_to=None, packages_start=None, packages_up_to=None, packages_up_to_regex=None, paths=None, paths_only=True, topological_graph=False, topological_graph_density=False, topological_graph_dot=False, topological_graph_dot_cluster=False, topological_graph_dot_include_skipped=False, topological_graph_legend=False, topological_order=False, verb_extension=<colcon_package_information.verb.list.ListVerb object at 0x7f049a01caf0>, verb_name='list', verb_parser=<colcon_defaults.argument_parser.defaults.DefaultArgumentsDecorator object at 0x7f0499abcc70>)
[1.053s] Level 1:colcon.colcon_core.package_discovery:discover_packages(colcon_meta) check parameters
[1.053s] Level 1:colcon.colcon_core.package_discovery:discover_packages(recursive) check parameters
[1.053s] Level 1:colcon.colcon_core.package_discovery:discover_packages(ignore) check parameters
[1.053s] Level 1:colcon.colcon_core.package_discovery:discover_packages(path) check parameters
[1.053s] Level 1:colcon.colcon_core.package_discovery:discover_packages(recursive) discover
[1.054s] INFO:colcon.colcon_core.package_discovery:Crawling recursively for packages in '/home/iggy/ros/foxy/src/orb_slam_2_ros'
[1.054s] Level 1:colcon.colcon_core.package_identification:_identify(/home/iggy/ros/foxy/src/orb_slam_2_ros) by extensions ['ignore', 'ignore_ament_install']
[1.054s] Level 1:colcon.colcon_core.package_identification:_identify(/home/iggy/ros/foxy/src/orb_slam_2_ros) by extension 'ignore'
[1.054s] Level 1:colcon.colcon_core.package_identification:_identify(/home/iggy/ros/foxy/src/orb_slam_2_ros) by extension 'ignore_ament_install'
[1.054s] Level 1:colcon.colcon_core.package_identification:_identify(/home/iggy/ros/foxy/src/orb_slam_2_ros) by extensions ['colcon_pkg']
[1.054s] Level 1:colcon.colcon_core.package_identification:_identify(/home/iggy/ros/foxy/src/orb_slam_2_ros) by extension 'colcon_pkg'
[1.054s] Level 1:colcon.colcon_core.package_identification:_identify(/home/iggy/ros/foxy/src/orb_slam_2_ros) by extensions ['colcon_meta']
[1.054s] Level 1:colcon.colcon_core.package_identification:_identify(/home/iggy/ros/foxy/src/orb_slam_2_ros) by extension 'colcon_meta'
[1.055s] Level 1:colcon.colcon_core.package_identification:_identify(/home/iggy/ros/foxy/src/orb_slam_2_ros) by extensions ['ament_gradle']
[1.055s] Level 1:colcon.colcon_core.package_identification:_identify(/home/iggy/ros/foxy/src/orb_slam_2_ros) by extension 'ament_gradle'
[1.055s] Level 1:colcon.colcon_core.package_identification:_identify(/home/iggy/ros/foxy/src/orb_slam_2_ros) by extensions ['ros']
[1.055s] Level 1:colcon.colcon_core.package_identification:_identify(/home/iggy/ros/foxy/src/orb_slam_2_ros) by extension 'ros'
[1.078s] DEBUG:colcon.colcon_core.package_identification:Package '/home/iggy/ros/foxy/src/orb_slam_2_ros' with type 'ros.catkin' and name 'orb_slam2_ros'
[1.078s] Level 1:colcon.colcon_core.package_discovery:discover_packages(recursive) using defaults
